<?xml version="1.0" encoding="UTF-8"?>
<testng-results ignored="0" total="2" passed="2" failed="0" skipped="0">
  <reporter-output>
  </reporter-output>
  <suite started-at="2022-12-01T16:59:48Z" name="Suite" finished-at="2022-12-01T16:59:50Z" duration-ms="1933">
    <groups>
    </groups>
    <test started-at="2022-12-01T16:59:48Z" name="Test" finished-at="2022-12-01T16:59:50Z" duration-ms="1933">
      <class name="com.test.TestCase_001">
        <test-method is-config="true" signature="intializeReport()[pri:0, instance:com.test.TestCase_001@6f44a157]" started-at="2022-12-01T16:59:48Z" name="intializeReport" finished-at="2022-12-01T16:59:48Z" duration-ms="177" status="PASS">
          <reporter-output>
          </reporter-output>
        </test-method> <!-- intializeReport -->
        <test-method signature="overseasplayerValidation()[pri:1, instance:com.test.TestCase_001@6f44a157]" started-at="2022-12-01T16:59:48Z" name="overseasplayerValidation" finished-at="2022-12-01T16:59:50Z" duration-ms="1482" status="PASS">
          <reporter-output>
          </reporter-output>
        </test-method> <!-- overseasplayerValidation -->
        <test-method signature="keeperValidation()[pri:2, instance:com.test.TestCase_001@6f44a157]" started-at="2022-12-01T16:59:50Z" name="keeperValidation" finished-at="2022-12-01T16:59:50Z" duration-ms="176" status="PASS">
          <reporter-output>
          </reporter-output>
        </test-method> <!-- keeperValidation -->
        <test-method is-config="true" signature="closetest()[pri:0, instance:com.test.TestCase_001@6f44a157]" started-at="2022-12-01T16:59:50Z" name="closetest" finished-at="2022-12-01T16:59:50Z" duration-ms="251" status="PASS">
          <reporter-output>
          </reporter-output>
        </test-method> <!-- closetest -->
      </class> <!-- com.test.TestCase_001 -->
    </test> <!-- Test -->
  </suite> <!-- Suite -->
</testng-results>
