<?xml version="1.0" encoding="UTF-8"?>
<testng-results ignored="0" total="2" passed="2" failed="0" skipped="0">
  <reporter-output>
  </reporter-output>
  <suite started-at="2022-11-30T16:37:36Z" name="Suite" finished-at="2022-11-30T16:37:38Z" duration-ms="2015">
    <groups>
    </groups>
    <test started-at="2022-11-30T16:37:36Z" name="Test" finished-at="2022-11-30T16:37:38Z" duration-ms="2015">
      <class name="com.test.TestCase_001">
        <test-method is-config="true" signature="intializeReport()[pri:0, instance:com.test.TestCase_001@6f44a157]" started-at="2022-11-30T16:37:35Z" name="intializeReport" finished-at="2022-11-30T16:37:36Z" duration-ms="228" status="PASS">
          <reporter-output>
          </reporter-output>
        </test-method> <!-- intializeReport -->
        <test-method signature="keeperValidation()[pri:0, instance:com.test.TestCase_001@6f44a157]" started-at="2022-11-30T16:37:36Z" name="keeperValidation" finished-at="2022-11-30T16:37:37Z" duration-ms="1484" status="PASS">
          <reporter-output>
          </reporter-output>
        </test-method> <!-- keeperValidation -->
        <test-method signature="overseasplayerValidation()[pri:0, instance:com.test.TestCase_001@6f44a157]" started-at="2022-11-30T16:37:37Z" name="overseasplayerValidation" finished-at="2022-11-30T16:37:37Z" duration-ms="205" status="PASS">
          <reporter-output>
          </reporter-output>
        </test-method> <!-- overseasplayerValidation -->
        <test-method is-config="true" signature="closetest()[pri:0, instance:com.test.TestCase_001@6f44a157]" started-at="2022-11-30T16:37:37Z" name="closetest" finished-at="2022-11-30T16:37:38Z" duration-ms="292" status="PASS">
          <reporter-output>
          </reporter-output>
        </test-method> <!-- closetest -->
      </class> <!-- com.test.TestCase_001 -->
    </test> <!-- Test -->
  </suite> <!-- Suite -->
</testng-results>
