<?xml version="1.0" encoding="UTF-8"?>
<testng-results ignored="0" total="2" passed="2" failed="0" skipped="0">
  <reporter-output>
  </reporter-output>
  <suite started-at="2022-12-01T15:16:58Z" name="Suite" finished-at="2022-12-01T15:17:00Z" duration-ms="2488">
    <groups>
    </groups>
    <test started-at="2022-12-01T15:16:58Z" name="Test" finished-at="2022-12-01T15:17:00Z" duration-ms="2488">
      <class name="com.test.TestCase_001">
        <test-method is-config="true" signature="intializeReport()[pri:0, instance:com.test.TestCase_001@6f44a157]" started-at="2022-12-01T15:16:57Z" name="intializeReport" finished-at="2022-12-01T15:16:58Z" duration-ms="246" status="PASS">
          <reporter-output>
          </reporter-output>
        </test-method> <!-- intializeReport -->
        <test-method signature="keeperValidation()[pri:0, instance:com.test.TestCase_001@6f44a157]" started-at="2022-12-01T15:16:58Z" name="keeperValidation" finished-at="2022-12-01T15:17:00Z" duration-ms="1965" status="PASS">
          <reporter-output>
          </reporter-output>
        </test-method> <!-- keeperValidation -->
        <test-method signature="overseasplayerValidation()[pri:0, instance:com.test.TestCase_001@6f44a157]" started-at="2022-12-01T15:17:00Z" name="overseasplayerValidation" finished-at="2022-12-01T15:17:00Z" duration-ms="255" status="PASS">
          <reporter-output>
          </reporter-output>
        </test-method> <!-- overseasplayerValidation -->
        <test-method is-config="true" signature="closetest()[pri:0, instance:com.test.TestCase_001@6f44a157]" started-at="2022-12-01T15:17:00Z" name="closetest" finished-at="2022-12-01T15:17:00Z" duration-ms="242" status="PASS">
          <reporter-output>
          </reporter-output>
        </test-method> <!-- closetest -->
      </class> <!-- com.test.TestCase_001 -->
    </test> <!-- Test -->
  </suite> <!-- Suite -->
</testng-results>
